18:52:20.888 INFO  launcher.Launcher : start() called
18:52:20.911 INFO  controller.ControllerSingleton : Creating connection...
19:01:14.199 INFO  launcher.Launcher : start() called
19:01:14.222 INFO  controller.ControllerSingleton : Creating connection...
22:25:22.559 INFO  launcher.Launcher : start() called
22:25:22.623 INFO  controller.ControllerSingleton : Creating connection...
22:25:40.034 INFO  launcher.Launcher : start() called
22:25:40.057 INFO  controller.ControllerSingleton : Creating connection...
23:25:52.814 INFO  launcher.Launcher : start() called
23:25:52.838 INFO  controller.ControllerSingleton : Creating connection...
23:26:32.943 INFO  launcher.Launcher : start() called
23:26:32.970 INFO  controller.ControllerSingleton : Creating connection...
23:41:08.725 INFO  launcher.Launcher : start() called
23:41:08.750 INFO  controller.ControllerSingleton : Creating connection...
23:42:35.011 INFO  launcher.Launcher : start() called
23:42:35.047 INFO  controller.ControllerSingleton : Creating connection...
23:43:58.789 INFO  launcher.Launcher : start() called
23:43:58.814 INFO  controller.ControllerSingleton : Creating connection...
23:44:59.540 INFO  launcher.Launcher : start() called
23:44:59.564 INFO  controller.ControllerSingleton : Creating connection...
23:45:38.651 INFO  launcher.Launcher : start() called
23:45:38.674 INFO  controller.ControllerSingleton : Creating connection...
23:46:24.310 INFO  launcher.Launcher : start() called
23:46:24.334 INFO  controller.ControllerSingleton : Creating connection...
23:51:17.360 INFO  launcher.Launcher : start() called
23:51:17.383 INFO  controller.ControllerSingleton : Creating connection...
23:52:27.098 INFO  launcher.Launcher : start() called
23:52:27.130 INFO  controller.ControllerSingleton : Creating connection...
23:52:44.703 INFO  launcher.Launcher : start() called
23:52:44.726 INFO  controller.ControllerSingleton : Creating connection...
23:54:34.557 INFO  launcher.Launcher : start() called
23:54:34.580 INFO  controller.ControllerSingleton : Creating connection...
23:55:32.837 INFO  launcher.Launcher : start() called
23:55:32.860 INFO  controller.ControllerSingleton : Creating connection...
23:55:44.012 INFO  db.AuthorTableGateway : Closing connection...
23:56:47.802 INFO  launcher.Launcher : start() called
23:56:47.825 INFO  controller.ControllerSingleton : Creating connection...
23:56:51.726 ERROR controller.ControllerSingleton : IO exception on view changer
23:59:34.692 INFO  launcher.Launcher : start() called
23:59:34.715 INFO  controller.ControllerSingleton : Creating connection...
23:59:43.872 ERROR controller.ControllerSingleton : IO exception on view changer
00:02:15.558 INFO  launcher.Launcher : start() called
00:02:15.580 INFO  controller.ControllerSingleton : Creating connection...
00:02:21.157 ERROR controller.ControllerSingleton : IO exception on view changer
00:05:25.359 INFO  launcher.Launcher : start() called
00:05:25.383 INFO  controller.ControllerSingleton : Creating connection...
00:10:41.144 INFO  launcher.Launcher : start() called
00:10:41.167 INFO  controller.ControllerSingleton : Creating connection...
00:10:44.954 ERROR controller.ControllerSingleton : IO exception on view changer
00:11:24.998 INFO  launcher.Launcher : start() called
00:11:25.030 INFO  controller.ControllerSingleton : Creating connection...
00:11:28.512 ERROR controller.ControllerSingleton : IO exception on view changer
00:13:30.264 INFO  launcher.Launcher : start() called
00:13:30.287 INFO  controller.ControllerSingleton : Creating connection...
00:13:33.814 ERROR controller.ControllerSingleton : IO exception on view changer
00:14:11.805 INFO  launcher.Launcher : start() called
00:14:11.832 INFO  controller.ControllerSingleton : Creating connection...
00:14:16.480 ERROR controller.ControllerSingleton : IO exception on view changer
00:15:28.382 INFO  launcher.Launcher : start() called
00:15:28.406 INFO  controller.ControllerSingleton : Creating connection...
00:16:29.628 INFO  launcher.Launcher : start() called
00:16:29.651 INFO  controller.ControllerSingleton : Creating connection...
00:18:22.466 INFO  launcher.Launcher : start() called
00:18:22.489 INFO  controller.ControllerSingleton : Creating connection...
00:18:33.016 INFO  controller.BookListViewController : Journey to the Centre of the Earth double clicked
00:18:35.543 INFO  controller.BookListViewController : Journey to the Centre of the Earth double clicked
00:18:40.430 INFO  db.AuthorTableGateway : Closing connection...
00:19:22.733 INFO  launcher.Launcher : start() called
00:19:22.755 INFO  controller.ControllerSingleton : Creating connection...
00:19:28.760 INFO  controller.AuthorListViewController : Joanne Rowling double clicked
00:19:40.998 INFO  launcher.Launcher : start() called
00:19:41.021 INFO  controller.ControllerSingleton : Creating connection...
00:41:23.998 INFO  launcher.Launcher : start() called
00:41:24.020 INFO  controller.ControllerSingleton : Creating connection...
00:41:29.909 INFO  controller.AuthorListViewController : Joanne Rowling double clicked
00:49:50.905 INFO  launcher.Launcher : start() called
00:49:50.927 INFO  controller.ControllerSingleton : Creating connection...
00:49:58.423 INFO  controller.BookListViewController : Journey to the Centre of the Earth double clicked
00:50:03.900 INFO  db.AuthorTableGateway : Closing connection...
00:50:21.492 INFO  launcher.Launcher : start() called
00:50:21.514 INFO  controller.ControllerSingleton : Creating connection...
00:50:27.057 INFO  controller.BookListViewController : Journey to the Centre of the Earth double clicked
00:51:49.081 INFO  launcher.Launcher : start() called
00:51:49.103 INFO  controller.ControllerSingleton : Creating connection...
00:51:55.430 INFO  controller.BookListViewController : Journey to the Centre of the Earth double clicked
00:51:55.517 ERROR controller.ControllerSingleton : IO exception on view changer
00:53:57.641 INFO  launcher.Launcher : start() called
00:53:57.662 INFO  controller.ControllerSingleton : Creating connection...
00:54:03.535 INFO  controller.BookListViewController : Journey to the Centre of the Earth double clicked
00:54:48.189 INFO  db.AuthorTableGateway : Closing connection...
00:58:58.650 INFO  launcher.Launcher : start() called
00:58:58.674 INFO  controller.ControllerSingleton : Creating connection...
00:59:03.821 INFO  controller.BookListViewController : Journey to the Centre of the Earth double clicked
01:14:48.621 INFO  launcher.Launcher : start() called
01:14:48.644 INFO  controller.ControllerSingleton : Creating connection...
01:23:22.093 INFO  launcher.Launcher : start() called
01:23:22.116 INFO  controller.ControllerSingleton : Creating connection...
01:23:26.175 ERROR controller.ControllerSingleton : IO exception on view changer
01:25:32.380 INFO  launcher.Launcher : start() called
01:25:32.405 INFO  controller.ControllerSingleton : Creating connection...
01:27:33.112 INFO  launcher.Launcher : start() called
01:27:33.134 INFO  controller.ControllerSingleton : Creating connection...
01:27:38.543 INFO  controller.BookListViewController : Journey to the Centre of the Earth double clicked
01:27:38.603 ERROR controller.ControllerSingleton : IO exception on view changer
01:28:15.864 INFO  launcher.Launcher : start() called
01:28:15.888 INFO  controller.ControllerSingleton : Creating connection...
01:28:21.076 INFO  controller.BookListViewController : Journey to the Centre of the Earth double clicked
01:28:21.138 ERROR controller.ControllerSingleton : IO exception on view changer
01:29:03.005 INFO  launcher.Launcher : start() called
01:29:03.028 INFO  controller.ControllerSingleton : Creating connection...
01:29:07.889 INFO  controller.BookListViewController : Journey to the Centre of the Earth double clicked
01:29:57.674 INFO  db.AuthorTableGateway : Closing connection...
01:30:05.334 INFO  launcher.Launcher : start() called
01:30:05.357 INFO  controller.ControllerSingleton : Creating connection...
01:30:10.234 INFO  controller.AuthorListViewController : Dfgsdf Wells double clicked
01:30:20.688 INFO  controller.AuthorDetailController : SAVE button clicked
01:30:20.779 INFO  db.AuthorTableGateway : H.G. Wells SAVED
01:44:22.293 INFO  launcher.Launcher : start() called
01:44:22.316 INFO  controller.ControllerSingleton : Creating connection...
01:44:30.178 INFO  controller.BookListViewController : Journey to the Centre of the Earth double clicked
01:45:39.716 INFO  launcher.Launcher : start() called
01:45:39.739 INFO  controller.ControllerSingleton : Creating connection...
01:45:52.614 INFO  controller.BookListViewController : Journey to the Centre of the Earth double clicked
01:51:56.649 INFO  launcher.Launcher : start() called
01:51:56.671 INFO  controller.ControllerSingleton : Creating connection...
01:52:12.159 INFO  db.AuthorTableGateway : Closing connection...
